<?xml version="1.0" encoding="UTF-8"?>
<coverage generated="1784476382027" clover="3.2.0">
  <project timestamp="1784476382027" name="All files">
    <metrics statements="36" coveredstatements="35" conditionals="25" coveredconditionals="23" methods="7" coveredmethods="4" elements="68" coveredelements="62" complexity="0" loc="36" ncloc="36" packages="1" files="2" classes="2"/>
    <file name="fillEquipmentSelect.js" path="C:\arythygg.dfg\equipment-borrow-system-main\public\js\fillEquipmentSelect.js">
      <metrics statements="13" coveredstatements="13" conditionals="6" coveredconditionals="5" methods="3" coveredmethods="3"/>
      <line num="12" count="11" type="cond" truecount="1" falsecount="0"/>
      <line num="13" count="11" type="stmt"/>
      <line num="15" count="11" type="stmt"/>
      <line num="16" count="11" type="cond" truecount="2" falsecount="0"/>
      <line num="18" count="10" type="stmt"/>
      <line num="20" count="10" type="stmt"/>
      <line num="21" count="18" type="stmt"/>
      <line num="22" count="18" type="stmt"/>
      <line num="23" count="18" type="stmt"/>
      <line num="24" count="18" type="stmt"/>
      <line num="25" count="18" type="stmt"/>
      <line num="29" count="1" type="cond" truecount="1" falsecount="1"/>
      <line num="30" count="1" type="stmt"/>
    </file>
    <file name="submitManualBorrow.js" path="C:\arythygg.dfg\equipment-borrow-system-main\public\js\submitManualBorrow.js">
      <metrics statements="23" coveredstatements="22" conditionals="19" coveredconditionals="18" methods="4" coveredmethods="1"/>
      <line num="17" count="0" type="cond" truecount="1" falsecount="0"/>
      <line num="20" count="8" type="stmt"/>
      <line num="22" count="8" type="stmt"/>
      <line num="24" count="8" type="stmt"/>
      <line num="25" count="8" type="stmt"/>
      <line num="26" count="8" type="stmt"/>
      <line num="27" count="8" type="stmt"/>
      <line num="28" count="8" type="stmt"/>
      <line num="30" count="8" type="cond" truecount="7" falsecount="0"/>
      <line num="31" count="3" type="stmt"/>
      <line num="32" count="3" type="stmt"/>
      <line num="35" count="5" type="stmt"/>
      <line num="36" count="5" type="stmt"/>
      <line num="42" count="4" type="stmt"/>
      <line num="44" count="4" type="cond" truecount="2" falsecount="0"/>
      <line num="45" count="2" type="stmt"/>
      <line num="46" count="2" type="stmt"/>
      <line num="47" count="2" type="stmt"/>
      <line num="48" count="2" type="stmt"/>
      <line num="50" count="2" type="cond" truecount="2" falsecount="0"/>
      <line num="53" count="1" type="stmt"/>
      <line num="57" count="1" type="cond" truecount="1" falsecount="1"/>
      <line num="58" count="1" type="stmt"/>
    </file>
  </project>
</coverage>
