{"C:\\arythygg.dfg\\equipment-borrow-system-main\\public\\js\\fillEquipmentSelect.js": {"path":"C:\\arythygg.dfg\\equipment-borrow-system-main\\public\\js\\fillEquipmentSelect.js","statementMap":{"0":{"start":{"line":13,"column":6},"end":{"line":13,"column":10}},"1":{"start":{"line":12,"column":24},"end":{"line":12,"column":66}},"2":{"start":{"line":15,"column":17},"end":{"line":15,"column":30}},"3":{"start":{"line":16,"column":2},"end":{"line":16,"column":22}},"4":{"start":{"line":16,"column":15},"end":{"line":16,"column":22}},"5":{"start":{"line":18,"column":2},"end":{"line":18,"column":65}},"6":{"start":{"line":20,"column":2},"end":{"line":26,"column":5}},"7":{"start":{"line":21,"column":19},"end":{"line":21,"column":51}},"8":{"start":{"line":22,"column":4},"end":{"line":22,"column":27}},"9":{"start":{"line":23,"column":4},"end":{"line":23,"column":68}},"10":{"start":{"line":24,"column":4},"end":{"line":24,"column":41}},"11":{"start":{"line":25,"column":4},"end":{"line":25,"column":31}},"12":{"start":{"line":29,"column":0},"end":{"line":31,"column":1}},"13":{"start":{"line":30,"column":2},"end":{"line":30,"column":43}}},"fnMap":{"0":{"name":"fillEquipmentSelect","decl":{"start":{"line":10,"column":9},"end":{"line":10,"column":28}},"loc":{"start":{"line":10,"column":56},"end":{"line":27,"column":1}},"line":10},"1":{"name":"(anonymous_1)","decl":{"start":{"line":12,"column":18},"end":{"line":12,"column":19}},"loc":{"start":{"line":12,"column":24},"end":{"line":12,"column":66}},"line":12},"2":{"name":"(anonymous_2)","decl":{"start":{"line":20,"column":25},"end":{"line":20,"column":26}},"loc":{"start":{"line":20,"column":35},"end":{"line":26,"column":3}},"line":20}},"branchMap":{"0":{"loc":{"start":{"line":10,"column":45},"end":{"line":10,"column":54}},"type":"default-arg","locations":[{"start":{"line":10,"column":52},"end":{"line":10,"column":54}}],"line":10},"1":{"loc":{"start":{"line":12,"column":4},"end":{"line":12,"column":66}},"type":"default-arg","locations":[{"start":{"line":12,"column":18},"end":{"line":12,"column":66}}],"line":12},"2":{"loc":{"start":{"line":16,"column":2},"end":{"line":16,"column":22}},"type":"if","locations":[{"start":{"line":16,"column":2},"end":{"line":16,"column":22}},{"start":{},"end":{}}],"line":16},"3":{"loc":{"start":{"line":29,"column":0},"end":{"line":31,"column":1}},"type":"if","locations":[{"start":{"line":29,"column":0},"end":{"line":31,"column":1}},{"start":{},"end":{}}],"line":29}},"s":{"0":11,"1":11,"2":11,"3":11,"4":1,"5":10,"6":10,"7":18,"8":18,"9":18,"10":18,"11":18,"12":1,"13":1},"f":{"0":11,"1":11,"2":18},"b":{"0":[11],"1":[11],"2":[1,10],"3":[1,0]},"_coverageSchema":"1a1c01bbd47fc00a2c39e90264f33305004495a9","hash":"e7358e3271dc6917d46fed35c7270c017de556fa"}
,"C:\\arythygg.dfg\\equipment-borrow-system-main\\public\\js\\submitManualBorrow.js": {"path":"C:\\arythygg.dfg\\equipment-borrow-system-main\\public\\js\\submitManualBorrow.js","statementMap":{"0":{"start":{"line":20,"column":6},"end":{"line":20,"column":10}},"1":{"start":{"line":17,"column":27},"end":{"line":17,"column":29}},"2":{"start":{"line":22,"column":2},"end":{"line":22,"column":25}},"3":{"start":{"line":24,"column":23},"end":{"line":24,"column":72}},"4":{"start":{"line":25,"column":23},"end":{"line":25,"column":75}},"5":{"start":{"line":26,"column":23},"end":{"line":26,"column":71}},"6":{"start":{"line":27,"column":23},"end":{"line":27,"column":78}},"7":{"start":{"line":28,"column":23},"end":{"line":28,"column":66}},"8":{"start":{"line":30,"column":2},"end":{"line":33,"column":3}},"9":{"start":{"line":31,"column":4},"end":{"line":31,"column":41}},"10":{"start":{"line":32,"column":4},"end":{"line":32,"column":11}},"11":{"start":{"line":35,"column":2},"end":{"line":54,"column":3}},"12":{"start":{"line":36,"column":16},"end":{"line":40,"column":6}},"13":{"start":{"line":42,"column":17},"end":{"line":42,"column":33}},"14":{"start":{"line":44,"column":4},"end":{"line":51,"column":5}},"15":{"start":{"line":45,"column":6},"end":{"line":45,"column":52}},"16":{"start":{"line":46,"column":6},"end":{"line":46,"column":58}},"17":{"start":{"line":47,"column":6},"end":{"line":47,"column":29}},"18":{"start":{"line":48,"column":6},"end":{"line":48,"column":26}},"19":{"start":{"line":50,"column":6},"end":{"line":50,"column":63}},"20":{"start":{"line":53,"column":4},"end":{"line":53,"column":56}},"21":{"start":{"line":57,"column":0},"end":{"line":59,"column":1}},"22":{"start":{"line":58,"column":2},"end":{"line":58,"column":42}}},"fnMap":{"0":{"name":"submitManualBorrow","decl":{"start":{"line":13,"column":15},"end":{"line":13,"column":33}},"loc":{"start":{"line":13,"column":52},"end":{"line":55,"column":1}},"line":13},"1":{"name":"(anonymous_1)","decl":{"start":{"line":17,"column":20},"end":{"line":17,"column":21}},"loc":{"start":{"line":17,"column":27},"end":{"line":17,"column":29}},"line":17},"2":{"name":"(anonymous_2)","decl":{"start":{"line":18,"column":27},"end":{"line":18,"column":28}},"loc":{"start":{"line":18,"column":33},"end":{"line":18,"column":35}},"line":18},"3":{"name":"(anonymous_3)","decl":{"start":{"line":19,"column":24},"end":{"line":19,"column":25}},"loc":{"start":{"line":19,"column":30},"end":{"line":19,"column":32}},"line":19}},"branchMap":{"0":{"loc":{"start":{"line":13,"column":41},"end":{"line":13,"column":50}},"type":"default-arg","locations":[{"start":{"line":13,"column":48},"end":{"line":13,"column":50}}],"line":13},"1":{"loc":{"start":{"line":15,"column":4},"end":{"line":15,"column":30}},"type":"default-arg","locations":[{"start":{"line":15,"column":14},"end":{"line":15,"column":30}}],"line":15},"2":{"loc":{"start":{"line":16,"column":4},"end":{"line":16,"column":30}},"type":"default-arg","locations":[{"start":{"line":16,"column":14},"end":{"line":16,"column":30}}],"line":16},"3":{"loc":{"start":{"line":17,"column":4},"end":{"line":17,"column":30}},"type":"default-arg","locations":[{"start":{"line":17,"column":20},"end":{"line":17,"column":30}}],"line":17},"4":{"loc":{"start":{"line":18,"column":4},"end":{"line":18,"column":35}},"type":"default-arg","locations":[{"start":{"line":18,"column":27},"end":{"line":18,"column":35}}],"line":18},"5":{"loc":{"start":{"line":19,"column":4},"end":{"line":19,"column":32}},"type":"default-arg","locations":[{"start":{"line":19,"column":24},"end":{"line":19,"column":32}}],"line":19},"6":{"loc":{"start":{"line":30,"column":2},"end":{"line":33,"column":3}},"type":"if","locations":[{"start":{"line":30,"column":2},"end":{"line":33,"column":3}},{"start":{},"end":{}}],"line":30},"7":{"loc":{"start":{"line":30,"column":6},"end":{"line":30,"column":80}},"type":"binary-expr","locations":[{"start":{"line":30,"column":6},"end":{"line":30,"column":16}},{"start":{"line":30,"column":20},"end":{"line":30,"column":33}},{"start":{"line":30,"column":37},"end":{"line":30,"column":49}},{"start":{"line":30,"column":53},"end":{"line":30,"column":64}},{"start":{"line":30,"column":68},"end":{"line":30,"column":80}}],"line":30},"8":{"loc":{"start":{"line":44,"column":4},"end":{"line":51,"column":5}},"type":"if","locations":[{"start":{"line":44,"column":4},"end":{"line":51,"column":5}},{"start":{"line":49,"column":11},"end":{"line":51,"column":5}}],"line":44},"9":{"loc":{"start":{"line":50,"column":14},"end":{"line":50,"column":61}},"type":"binary-expr","locations":[{"start":{"line":50,"column":14},"end":{"line":50,"column":24}},{"start":{"line":50,"column":28},"end":{"line":50,"column":61}}],"line":50},"10":{"loc":{"start":{"line":57,"column":0},"end":{"line":59,"column":1}},"type":"if","locations":[{"start":{"line":57,"column":0},"end":{"line":59,"column":1}},{"start":{},"end":{}}],"line":57}},"s":{"0":8,"1":0,"2":8,"3":8,"4":8,"5":8,"6":8,"7":8,"8":8,"9":3,"10":3,"11":5,"12":5,"13":4,"14":4,"15":2,"16":2,"17":2,"18":2,"19":2,"20":1,"21":1,"22":1},"f":{"0":8,"1":0,"2":0,"3":0},"b":{"0":[1],"1":[1],"2":[1],"3":[1],"4":[1],"5":[1],"6":[3,5],"7":[8,6,6,6,6],"8":[2,2],"9":[2,1],"10":[1,0]},"_coverageSchema":"1a1c01bbd47fc00a2c39e90264f33305004495a9","hash":"0a1cfdb7688cd49cb372af3181d9b8096b2774fa"}
}
