TN:
SF:public\js\fillEquipmentSelect.js
FN:10,fillEquipmentSelect
FN:12,(anonymous_1)
FN:20,(anonymous_2)
FNF:3
FNH:3
FNDA:11,fillEquipmentSelect
FNDA:11,(anonymous_1)
FNDA:18,(anonymous_2)
DA:12,11
DA:13,11
DA:15,11
DA:16,11
DA:18,10
DA:20,10
DA:21,18
DA:22,18
DA:23,18
DA:24,18
DA:25,18
DA:29,1
DA:30,1
LF:13
LH:13
BRDA:10,0,0,11
BRDA:12,1,0,11
BRDA:16,2,0,1
BRDA:16,2,1,10
BRDA:29,3,0,1
BRDA:29,3,1,0
BRF:6
BRH:5
end_of_record
TN:
SF:public\js\submitManualBorrow.js
FN:13,submitManualBorrow
FN:17,(anonymous_1)
FN:18,(anonymous_2)
FN:19,(anonymous_3)
FNF:4
FNH:1
FNDA:8,submitManualBorrow
FNDA:0,(anonymous_1)
FNDA:0,(anonymous_2)
FNDA:0,(anonymous_3)
DA:17,0
DA:20,8
DA:22,8
DA:24,8
DA:25,8
DA:26,8
DA:27,8
DA:28,8
DA:30,8
DA:31,3
DA:32,3
DA:35,5
DA:36,5
DA:42,4
DA:44,4
DA:45,2
DA:46,2
DA:47,2
DA:48,2
DA:50,2
DA:53,1
DA:57,1
DA:58,1
LF:23
LH:22
BRDA:13,0,0,1
BRDA:15,1,0,1
BRDA:16,2,0,1
BRDA:17,3,0,1
BRDA:18,4,0,1
BRDA:19,5,0,1
BRDA:30,6,0,3
BRDA:30,6,1,5
BRDA:30,7,0,8
BRDA:30,7,1,6
BRDA:30,7,2,6
BRDA:30,7,3,6
BRDA:30,7,4,6
BRDA:44,8,0,2
BRDA:44,8,1,2
BRDA:50,9,0,2
BRDA:50,9,1,1
BRDA:57,10,0,1
BRDA:57,10,1,0
BRF:19
BRH:18
end_of_record
